<?xml version="1.0" encoding="UTF-8"?>
<!-- Generated by org.testng.reporters.JUnitReportReporter -->
<<<<<<< HEAD
<testsuite hostname="Abhisek-mohanta" failures="0" tests="20" name="testcases.Facebook_L1_AutomationTest" time="0.055" errors="0" timestamp="2024-03-01T17:49:59 IST" skipped="0">
  <testcase classname="testcases.Facebook_L1_AutomationTest" name="validateFacebookLoginPage" time="0.019"/>
  <testcase classname="testcases.Facebook_L1_AutomationTest" name="validatePresenceOfOtherFieldsInLoginPage" time="0.002"/>
  <testcase classname="testcases.Facebook_L1_AutomationTest" name="Validate_incorrectUsername" time="0.002"/>
  <testcase classname="testcases.Facebook_L1_AutomationTest" name="Validate_incorrect_password" time="0.002"/>
  <testcase classname="testcases.Facebook_L1_AutomationTest" name="Login" time="0.003"/>
  <testcase classname="testcases.Facebook_L1_AutomationTest" name="login_button_is_Clickable" time="0.002"/>
  <testcase classname="testcases.Facebook_L1_AutomationTest" name="Validate_title_of_the_login_page" time="0.003"/>
  <testcase classname="testcases.Facebook_L1_AutomationTest" name="forgot_password" time="0.002"/>
  <testcase classname="testcases.Facebook_L1_AutomationTest" name="Create_New_Account" time="0.001"/>
  <testcase classname="testcases.Facebook_L1_AutomationTest" name="CreateNewAccount" time="0.001"/>
  <testcase classname="testcases.Facebook_L1_AutomationTest" name="Enter_data_in_First_name_Surname" time="0.002"/>
  <testcase classname="testcases.Facebook_L1_AutomationTest" name="Enter_data_in_Mobile_number_password" time="0.002"/>
  <testcase classname="testcases.Facebook_L1_AutomationTest" name="Date_Of_Birth_fields" time="0.002"/>
  <testcase classname="testcases.Facebook_L1_AutomationTest" name="DOB_values_captured_accurately" time="0.001"/>
  <testcase classname="testcases.Facebook_L1_AutomationTest" name="Select_each_radio_button" time="0.002"/>
  <testcase classname="testcases.Facebook_L1_AutomationTest" name="select_one_radio_button" time="0.003"/>
  <testcase classname="testcases.Facebook_L1_AutomationTest" name="clicking_on_the_Terms" time="0.002"/>
  <testcase classname="testcases.Facebook_L1_AutomationTest" name="clicking_on_the_Data_Policy_link" time="0.001"/>
  <testcase classname="testcases.Facebook_L1_AutomationTest" name="click_on_sign_up" time="0.001"/>
=======
<testsuite hostname="PRAKRUTI-UNGAMJI" failures="0" tests="20" name="testcases.Facebook_L1_AutomationTest" time="0.106" errors="2" timestamp="2024-02-29T12:42:32 IST" skipped="0">
  <testcase classname="testcases.Facebook_L1_AutomationTest" name="validateFacebookLoginPage" time="0.057"/>
  <testcase classname="testcases.Facebook_L1_AutomationTest" name="validatePresenceOfOtherFieldsInLoginPage" time="0.006">
    <error message="Cannot invoke &quot;java.util.Map.get(Object)&quot; because &quot;expectedData&quot; is null" type="java.lang.NullPointerException">
      <![CDATA[java.lang.NullPointerException: Cannot invoke "java.util.Map.get(Object)" because "expectedData" is null
at testcases.Facebook_L1_AutomationTest.validatePresenceOfOtherFieldsInLoginPage(Facebook_L1_AutomationTest.java:61)
at java.base/jdk.internal.reflect.DirectMethodHandleAccessor.invoke(DirectMethodHandleAccessor.java:104)
at java.base/java.lang.reflect.Method.invoke(Method.java:578)
at org.testng.internal.invokers.MethodInvocationHelper.invokeMethod(MethodInvocationHelper.java:139)
at org.testng.internal.invokers.TestInvoker.invokeMethod(TestInvoker.java:664)
at org.testng.internal.invokers.TestInvoker.invokeTestMethod(TestInvoker.java:227)
at org.testng.internal.invokers.MethodRunner.runInSequence(MethodRunner.java:50)
at org.testng.internal.invokers.TestInvoker$MethodInvocationAgent.invoke(TestInvoker.java:957)
at org.testng.internal.invokers.TestInvoker.invokeTestMethods(TestInvoker.java:200)
at org.testng.internal.invokers.TestMethodWorker.invokeTestMethods(TestMethodWorker.java:148)
at org.testng.internal.invokers.TestMethodWorker.run(TestMethodWorker.java:128)
at java.base/java.util.concurrent.ThreadPoolExecutor.runWorker(ThreadPoolExecutor.java:1144)
at java.base/java.util.concurrent.ThreadPoolExecutor$Worker.run(ThreadPoolExecutor.java:642)
at java.base/java.lang.Thread.run(Thread.java:1623)
]]>
    </error>
  </testcase> <!-- validatePresenceOfOtherFieldsInLoginPage -->
  <testcase classname="testcases.Facebook_L1_AutomationTest" name="validateIncorrectUsernameDuringLogin" time="0.004">
    <error message="Cannot invoke &quot;java.util.Map.get(Object)&quot; because &quot;expectedData&quot; is null" type="java.lang.NullPointerException">
      <![CDATA[java.lang.NullPointerException: Cannot invoke "java.util.Map.get(Object)" because "expectedData" is null
at testcases.Facebook_L1_AutomationTest.validateIncorrectUsernameDuringLogin(Facebook_L1_AutomationTest.java:72)
at java.base/jdk.internal.reflect.DirectMethodHandleAccessor.invoke(DirectMethodHandleAccessor.java:104)
at java.base/java.lang.reflect.Method.invoke(Method.java:578)
at org.testng.internal.invokers.MethodInvocationHelper.invokeMethod(MethodInvocationHelper.java:139)
at org.testng.internal.invokers.TestInvoker.invokeMethod(TestInvoker.java:664)
at org.testng.internal.invokers.TestInvoker.invokeTestMethod(TestInvoker.java:227)
at org.testng.internal.invokers.MethodRunner.runInSequence(MethodRunner.java:50)
at org.testng.internal.invokers.TestInvoker$MethodInvocationAgent.invoke(TestInvoker.java:957)
at org.testng.internal.invokers.TestInvoker.invokeTestMethods(TestInvoker.java:200)
at org.testng.internal.invokers.TestMethodWorker.invokeTestMethods(TestMethodWorker.java:148)
at org.testng.internal.invokers.TestMethodWorker.run(TestMethodWorker.java:128)
at java.base/java.util.concurrent.ThreadPoolExecutor.runWorker(ThreadPoolExecutor.java:1144)
at java.base/java.util.concurrent.ThreadPoolExecutor$Worker.run(ThreadPoolExecutor.java:642)
at java.base/java.lang.Thread.run(Thread.java:1623)
]]>
    </error>
  </testcase> <!-- validateIncorrectUsernameDuringLogin -->
  <testcase classname="testcases.Facebook_L1_AutomationTest" name="Validate_incorrect_password" time="0.002"/>
  <testcase classname="testcases.Facebook_L1_AutomationTest" name="Login" time="0.002"/>
  <testcase classname="testcases.Facebook_L1_AutomationTest" name="login_button_is_Clickable" time="0.003"/>
  <testcase classname="testcases.Facebook_L1_AutomationTest" name="Validate_title_of_the_login_page" time="0.003"/>
  <testcase classname="testcases.Facebook_L1_AutomationTest" name="forgot_password" time="0.003"/>
  <testcase classname="testcases.Facebook_L1_AutomationTest" name="Create_New_Account" time="0.003"/>
  <testcase classname="testcases.Facebook_L1_AutomationTest" name="CreateNewAccount" time="0.002"/>
  <testcase classname="testcases.Facebook_L1_AutomationTest" name="Enter_data_in_First_name_Surname" time="0.001"/>
  <testcase classname="testcases.Facebook_L1_AutomationTest" name="Enter_data_in_Mobile_number_password" time="0.002"/>
  <testcase classname="testcases.Facebook_L1_AutomationTest" name="Date_Of_Birth_fields" time="0.002"/>
  <testcase classname="testcases.Facebook_L1_AutomationTest" name="DOB_values_captured_accurately" time="0.002"/>
  <testcase classname="testcases.Facebook_L1_AutomationTest" name="Select_each_radio_button" time="0.001"/>
  <testcase classname="testcases.Facebook_L1_AutomationTest" name="select_one_radio_button" time="0.003"/>
  <testcase classname="testcases.Facebook_L1_AutomationTest" name="clicking_on_the_Terms" time="0.003"/>
  <testcase classname="testcases.Facebook_L1_AutomationTest" name="clicking_on_the_Data_Policy_link" time="0.003"/>
  <testcase classname="testcases.Facebook_L1_AutomationTest" name="click_on_sign_up" time="0.002"/>
>>>>>>> 121b450 (added the new usecases for demo automation testing site)
  <testcase classname="testcases.Facebook_L1_AutomationTest" name="verify_error_message" time="0.002"/>
</testsuite> <!-- testcases.Facebook_L1_AutomationTest -->
